c:\users\agnie\source\repos\04 sem4-pk4\00 repo do projektu\projekt\przychodnia\x64\debug\timemanager.ixx.ifc
c:\users\agnie\source\repos\04 sem4-pk4\00 repo do projektu\projekt\przychodnia\x64\debug\timemanager.ixx.ifc.d.json
c:\users\agnie\source\repos\04 sem4-pk4\00 repo do projektu\projekt\przychodnia\x64\debug\string_o4i4vmrb7wlpbrux.ifc
c:\users\agnie\source\repos\04 sem4-pk4\00 repo do projektu\projekt\przychodnia\x64\debug\string_o4i4vmrb7wlpbrux.ifc.d.json
c:\users\agnie\source\repos\04 sem4-pk4\00 repo do projektu\projekt\przychodnia\x64\debug\string_o4i4vmrb7wlpbrux.obj
c:\users\agnie\source\repos\04 sem4-pk4\00 repo do projektu\projekt\przychodnia\x64\debug\iomanip_36n6q67l3sz7oj3f.ifc
c:\users\agnie\source\repos\04 sem4-pk4\00 repo do projektu\projekt\przychodnia\x64\debug\iomanip_36n6q67l3sz7oj3f.ifc.d.json
c:\users\agnie\source\repos\04 sem4-pk4\00 repo do projektu\projekt\przychodnia\x64\debug\iomanip_36n6q67l3sz7oj3f.obj
c:\users\agnie\source\repos\04 sem4-pk4\00 repo do projektu\projekt\przychodnia\x64\debug\event.ixx.ifc
c:\users\agnie\source\repos\04 sem4-pk4\00 repo do projektu\projekt\przychodnia\x64\debug\event.ixx.ifc.d.json
c:\users\agnie\source\repos\04 sem4-pk4\00 repo do projektu\projekt\przychodnia\x64\debug\event.ixx.obj
c:\users\agnie\source\repos\04 sem4-pk4\00 repo do projektu\projekt\przychodnia\x64\debug\cifer.ixx.ifc
c:\users\agnie\source\repos\04 sem4-pk4\00 repo do projektu\projekt\przychodnia\x64\debug\cifer.ixx.ifc.d.json
c:\users\agnie\source\repos\04 sem4-pk4\00 repo do projektu\projekt\przychodnia\x64\debug\cifer.ixx.obj
c:\users\agnie\source\repos\04 sem4-pk4\00 repo do projektu\projekt\przychodnia\x64\debug\person.ixx.ifc
c:\users\agnie\source\repos\04 sem4-pk4\00 repo do projektu\projekt\przychodnia\x64\debug\person.ixx.ifc.d.json
c:\users\agnie\source\repos\04 sem4-pk4\00 repo do projektu\projekt\przychodnia\x64\debug\person.ixx.obj
c:\users\agnie\source\repos\04 sem4-pk4\00 repo do projektu\projekt\przychodnia\x64\debug\iostream_6gcrxl3osjvjkj24.ifc
c:\users\agnie\source\repos\04 sem4-pk4\00 repo do projektu\projekt\przychodnia\x64\debug\iostream_6gcrxl3osjvjkj24.ifc.d.json
c:\users\agnie\source\repos\04 sem4-pk4\00 repo do projektu\projekt\przychodnia\x64\debug\iostream_6gcrxl3osjvjkj24.obj
c:\users\agnie\source\repos\04 sem4-pk4\00 repo do projektu\projekt\przychodnia\x64\debug\regex_lk5gbebtuj8im45q.ifc
c:\users\agnie\source\repos\04 sem4-pk4\00 repo do projektu\projekt\przychodnia\x64\debug\regex_lk5gbebtuj8im45q.ifc.d.json
c:\users\agnie\source\repos\04 sem4-pk4\00 repo do projektu\projekt\przychodnia\x64\debug\regex_lk5gbebtuj8im45q.obj
c:\users\agnie\source\repos\04 sem4-pk4\00 repo do projektu\projekt\przychodnia\x64\debug\patient.ixx.ifc
c:\users\agnie\source\repos\04 sem4-pk4\00 repo do projektu\projekt\przychodnia\x64\debug\patient.ixx.ifc.d.json
c:\users\agnie\source\repos\04 sem4-pk4\00 repo do projektu\projekt\przychodnia\x64\debug\patient.ixx.obj
c:\users\agnie\source\repos\04 sem4-pk4\00 repo do projektu\projekt\przychodnia\x64\debug\schedule.ixx.module.json
c:\users\agnie\source\repos\04 sem4-pk4\00 repo do projektu\projekt\przychodnia\x64\debug\doctor.ixx.module.json
c:\users\agnie\source\repos\04 sem4-pk4\00 repo do projektu\projekt\przychodnia\x64\debug\event.ixx.module.json
c:\users\agnie\source\repos\04 sem4-pk4\00 repo do projektu\projekt\przychodnia\x64\debug\menu.ixx.module.json
c:\users\agnie\source\repos\04 sem4-pk4\00 repo do projektu\projekt\przychodnia\x64\debug\register.ixx.module.json
c:\users\agnie\source\repos\04 sem4-pk4\00 repo do projektu\projekt\przychodnia\x64\debug\patient.ixx.module.json
c:\users\agnie\source\repos\04 sem4-pk4\00 repo do projektu\projekt\przychodnia\x64\debug\timemanager.ixx.module.json
c:\users\agnie\source\repos\04 sem4-pk4\00 repo do projektu\projekt\przychodnia\x64\debug\cifer.ixx.module.json
c:\users\agnie\source\repos\04 sem4-pk4\00 repo do projektu\projekt\przychodnia\x64\debug\validator.ixx.module.json
c:\users\agnie\source\repos\04 sem4-pk4\00 repo do projektu\projekt\przychodnia\x64\debug\menudoc.ixx.module.json
c:\users\agnie\source\repos\04 sem4-pk4\00 repo do projektu\projekt\przychodnia\x64\debug\menupat.ixx.module.json
c:\users\agnie\source\repos\04 sem4-pk4\00 repo do projektu\projekt\przychodnia\x64\debug\filemanager.ixx.module.json
c:\users\agnie\source\repos\04 sem4-pk4\00 repo do projektu\projekt\przychodnia\x64\debug\person.ixx.module.json
c:\users\agnie\source\repos\04 sem4-pk4\00 repo do projektu\projekt\przychodnia\x64\debug\string_o4i4vmrb7wlpbrux.module.json
c:\users\agnie\source\repos\04 sem4-pk4\00 repo do projektu\projekt\przychodnia\x64\debug\iomanip_36n6q67l3sz7oj3f.module.json
c:\users\agnie\source\repos\04 sem4-pk4\00 repo do projektu\projekt\przychodnia\x64\debug\regex_lk5gbebtuj8im45q.module.json
c:\users\agnie\source\repos\04 sem4-pk4\00 repo do projektu\projekt\przychodnia\x64\debug\iostream_6gcrxl3osjvjkj24.module.json
c:\users\agnie\source\repos\04 sem4-pk4\00 repo do projektu\projekt\przychodnia\x64\debug\vc143.idb
c:\users\agnie\source\repos\04 sem4-pk4\00 repo do projektu\projekt\przychodnia\x64\debug\vc143.pdb
c:\users\agnie\source\repos\04 sem4-pk4\00 repo do projektu\projekt\przychodnia\x64\debug\przychodnia.tlog\cl.command.1.tlog
c:\users\agnie\source\repos\04 sem4-pk4\00 repo do projektu\projekt\przychodnia\x64\debug\przychodnia.tlog\microsoft.build.cpptasks.cl.read.1.tlog
c:\users\agnie\source\repos\04 sem4-pk4\00 repo do projektu\projekt\przychodnia\x64\debug\przychodnia.tlog\microsoft.build.cpptasks.cl.write.1.tlog
c:\users\agnie\source\repos\04 sem4-pk4\00 repo do projektu\projekt\przychodnia\x64\debug\przychodnia_md.tlog\cl.command.1.tlog
c:\users\agnie\source\repos\04 sem4-pk4\00 repo do projektu\projekt\przychodnia\x64\debug\przychodnia_md.tlog\microsoft.build.cpptasks.cl.read.1.tlog
c:\users\agnie\source\repos\04 sem4-pk4\00 repo do projektu\projekt\przychodnia\x64\debug\przychodnia_md.tlog\microsoft.build.cpptasks.cl.write.1.tlog
